<?xml version="1.0" encoding="UTF-8"?>
<testng-results ignored="0" total="1" passed="1" failed="0" skipped="0">
  <reporter-output>
  </reporter-output>
  <suite started-at="2022-05-18T16:24:19 IST" name="Default suite" finished-at="2022-05-18T16:24:28 IST" duration-ms="9864">
    <groups>
    </groups>
    <test started-at="2022-05-18T16:24:19 IST" name="Default test" finished-at="2022-05-18T16:24:28 IST" duration-ms="9864">
      <class name="in.co.mercuryTravels.tests.MercuryTravelTestcases">
        <test-method is-config="true" signature="invokeBrowser()[pri:0, instance:in.co.mercuryTravels.tests.MercuryTravelTestcases@6631f5ca]" started-at="2022-05-18T16:24:19 IST" name="invokeBrowser" finished-at="2022-05-18T16:24:23 IST" duration-ms="4808" status="PASS">
          <reporter-output>
          </reporter-output>
        </test-method> <!-- invokeBrowser -->
        <test-method signature="verifyUserLoginWithCorrectCredential()[pri:0, instance:in.co.mercuryTravels.tests.MercuryTravelTestcases@6631f5ca]" started-at="2022-05-18T16:24:23 IST" name="verifyUserLoginWithCorrectCredential" finished-at="2022-05-18T16:24:27 IST" duration-ms="3829" status="PASS">
          <reporter-output>
          </reporter-output>
        </test-method> <!-- verifyUserLoginWithCorrectCredential -->
        <test-method is-config="true" signature="closeBrowser()[pri:0, instance:in.co.mercuryTravels.tests.MercuryTravelTestcases@6631f5ca]" started-at="2022-05-18T16:24:27 IST" name="closeBrowser" finished-at="2022-05-18T16:24:28 IST" duration-ms="1189" status="PASS">
          <reporter-output>
          </reporter-output>
        </test-method> <!-- closeBrowser -->
      </class> <!-- in.co.mercuryTravels.tests.MercuryTravelTestcases -->
    </test> <!-- Default test -->
  </suite> <!-- Default suite -->
</testng-results>
